<?xml version="1.0" encoding="UTF-8"?>
<testsuite xmlns:xsi="http://www.w3.org/2001/XMLSchema-instance" xsi:noNamespaceSchemaLocation="https://maven.apache.org/surefire/maven-surefire-plugin/xsd/surefire-test-report.xsd" name="dev.gabrielgrazziani.TaskTest" time="20.662" tests="4" errors="0" skipped="0" failures="0">
  <properties>
[...]
</properties>
  <testcase name="naoDeveSalvarTarefaComDataPassada" classname="dev.gabrielgrazziani.TaskTest" time="13.777"/>
  <testcase name="naoDeveSalvarTarefaSemData" classname="dev.gabrielgrazziani.TaskTest" time="6.528"/>
  <testcase name="naoDeveSalvarTarefaSemDescricao" classname="dev.gabrielgrazziani.TaskTest" time="7.023"/>
  <testcase name="deveSalvarTarefaComSucesso" classname="dev.gabrielgrazziani.TaskTest" time="20.661"/>
</testsuite>